Alternative : 2 cores
Run 1
File: Mandelbrot.ppm successfully opened for writing.
Computing Mandelbrot Set. Please wait...
Mandelbrot computational process time: 43.768421
Completed Computing Mandelbrot Set.
File: Mandelbrot.ppm successfully closed.
Mandelbrot total process time: 44.112829
Run 2
File: Mandelbrot.ppm successfully opened for writing.
Computing Mandelbrot Set. Please wait...
Mandelbrot computational process time: 43.301274
Completed Computing Mandelbrot Set.
File: Mandelbrot.ppm successfully closed.
Mandelbrot total process time: 43.662761
Run 3
File: Mandelbrot.ppm successfully opened for writing.
Computing Mandelbrot Set. Please wait...
Mandelbrot computational process time: 43.349250
Completed Computing Mandelbrot Set.
File: Mandelbrot.ppm successfully closed.
Mandelbrot total process time: 43.705745
Run 4
File: Mandelbrot.ppm successfully opened for writing.
Computing Mandelbrot Set. Please wait...
Mandelbrot computational process time: 43.893256
Completed Computing Mandelbrot Set.
File: Mandelbrot.ppm successfully closed.
Mandelbrot total process time: 44.346669
Run 5
File: Mandelbrot.ppm successfully opened for writing.
Computing Mandelbrot Set. Please wait...
Mandelbrot computational process time: 43.928221
Completed Computing Mandelbrot Set.
File: Mandelbrot.ppm successfully closed.
Mandelbrot total process time: 44.352449
