Naive : 16 cores
Run 1
File: Mandelbrot.ppm successfully opened for writing.
Computing Mandelbrot Set. Please wait...
Mandelbrot computational process time: 21.196986
Completed Computing Mandelbrot Set.
File: Mandelbrot.ppm successfully closed.
Mandelbrot total process time: 22.012044
Run 2
File: Mandelbrot.ppm successfully opened for writing.
Computing Mandelbrot Set. Please wait...
Mandelbrot computational process time: 20.994199
Completed Computing Mandelbrot Set.
File: Mandelbrot.ppm successfully closed.
Mandelbrot total process time: 21.892841
Run 3
File: Mandelbrot.ppm successfully opened for writing.
Computing Mandelbrot Set. Please wait...
Mandelbrot computational process time: 21.286584
Completed Computing Mandelbrot Set.
File: Mandelbrot.ppm successfully closed.
Mandelbrot total process time: 22.124775
Run 4
File: Mandelbrot.ppm successfully opened for writing.
Computing Mandelbrot Set. Please wait...
Mandelbrot computational process time: 21.235300
Completed Computing Mandelbrot Set.
File: Mandelbrot.ppm successfully closed.
Mandelbrot total process time: 22.086416
Run 5
File: Mandelbrot.ppm successfully opened for writing.
Computing Mandelbrot Set. Please wait...
Mandelbrot computational process time: 21.304905
Completed Computing Mandelbrot Set.
File: Mandelbrot.ppm successfully closed.
Mandelbrot total process time: 22.166976
