Alternative : 4 cores
Run 1
File: Mandelbrot.ppm successfully opened for writing.
Computing Mandelbrot Set. Please wait...
Mandelbrot computational process time: 21.758197
Completed Computing Mandelbrot Set.
File: Mandelbrot.ppm successfully closed.
Mandelbrot total process time: 22.176648
Run 2
File: Mandelbrot.ppm successfully opened for writing.
Computing Mandelbrot Set. Please wait...
Mandelbrot computational process time: 21.703645
Completed Computing Mandelbrot Set.
File: Mandelbrot.ppm successfully closed.
Mandelbrot total process time: 22.138837
Run 3
File: Mandelbrot.ppm successfully opened for writing.
Computing Mandelbrot Set. Please wait...
Mandelbrot computational process time: 21.703361
Completed Computing Mandelbrot Set.
File: Mandelbrot.ppm successfully closed.
Mandelbrot total process time: 22.102542
Run 4
File: Mandelbrot.ppm successfully opened for writing.
Computing Mandelbrot Set. Please wait...
Mandelbrot computational process time: 21.705627
Completed Computing Mandelbrot Set.
File: Mandelbrot.ppm successfully closed.
Mandelbrot total process time: 22.114233
Run 5
File: Mandelbrot.ppm successfully opened for writing.
Computing Mandelbrot Set. Please wait...
Mandelbrot computational process time: 21.703473
Completed Computing Mandelbrot Set.
File: Mandelbrot.ppm successfully closed.
Mandelbrot total process time: 22.097322
