Alternative : 16 cores
Run 1
File: Mandelbrot.ppm successfully opened for writing.
Computing Mandelbrot Set. Please wait...
Mandelbrot computational process time: 5.572289
Completed Computing Mandelbrot Set.
File: Mandelbrot.ppm successfully closed.
Mandelbrot total process time: 6.316298
Run 2
File: Mandelbrot.ppm successfully opened for writing.
Computing Mandelbrot Set. Please wait...
Mandelbrot computational process time: 5.751407
Completed Computing Mandelbrot Set.
File: Mandelbrot.ppm successfully closed.
Mandelbrot total process time: 6.537692
Run 3
File: Mandelbrot.ppm successfully opened for writing.
Computing Mandelbrot Set. Please wait...
Mandelbrot computational process time: 5.786380
Completed Computing Mandelbrot Set.
File: Mandelbrot.ppm successfully closed.
Mandelbrot total process time: 6.651697
Run 4
File: Mandelbrot.ppm successfully opened for writing.
Computing Mandelbrot Set. Please wait...
Mandelbrot computational process time: 5.801940
Completed Computing Mandelbrot Set.
File: Mandelbrot.ppm successfully closed.
Mandelbrot total process time: 6.632807
Run 5
File: Mandelbrot.ppm successfully opened for writing.
Computing Mandelbrot Set. Please wait...
Mandelbrot computational process time: 5.799049
Completed Computing Mandelbrot Set.
File: Mandelbrot.ppm successfully closed.
Mandelbrot total process time: 6.622392
